Seed 1
0
Seed 2
0
Seed 3
0
Seed 4
0
Seed 5
0
Seed 6
0
Seed 7
1
Seed 8
0
Seed 9
0
Seed 10
0
Seed 11
0
Seed 12
0
Seed 13
0
Seed 14
0
Seed 15
0
Seed 16
0
Seed 17
0
Seed 18
1
Seed 19
1
Seed 20
0
Seed 21
0
Seed 22
0
Seed 23
1
Seed 24
0
Seed 25
0
Seed 26
0
Seed 27
0
Seed 28
0
Seed 29
0
Seed 30
0
Seed 31
1
Seed 32
1
Seed 33
0
Seed 34
0
Seed 35
0
Seed 36
0
Seed 37
1
Seed 38
1
Seed 39
0
Seed 40
0
Seed 41
0
Seed 42
0
Seed 43
0
Seed 44
0
Seed 45
1
Seed 46
0
Seed 47
0
Seed 48
0
Seed 49
0
Seed 50
0
Seed 51
0
Seed 52
0
Seed 53
1
Seed 54
1
Seed 55
1
Seed 56
0
Seed 57
0
Seed 58
1
Seed 59
0
Seed 60
0
Seed 61
1
Seed 62
0
Seed 63
0
Seed 64
1
Seed 65
0
Seed 66
0
Seed 67
1
Seed 68
0
Seed 69
0
Seed 70
0
Seed 71
0
Seed 72
1
Seed 73
1
Seed 74
0
Seed 75
0
Seed 76
1
Seed 77
0
Seed 78
0
Seed 79
1
Seed 80
1
Seed 81
0
Seed 82
0
Seed 83
0
Seed 84
1
Seed 85
0
Seed 86
0
Seed 87
0
Seed 88
1
Seed 89
1
Seed 90
0
Seed 91
0
Seed 92
0
Seed 93
0
Seed 94
1
Seed 95
0
Seed 96
0
Seed 97
0
Seed 98
0
Seed 99
0
Seed 100
0
Seed 101
0
Seed 102
0
Seed 103
0
Seed 104
1
Seed 105
0
Seed 106
0
Seed 107
0
Seed 108
0
Seed 109
0
Seed 110
0
Seed 111
1
Seed 112
0
Seed 113
0
Seed 114
0
Seed 115
1
Seed 116
0
Seed 117
1
Seed 118
0
Seed 119
1
Seed 120
0
Seed 121
1
Seed 122
0
Seed 123
0
Seed 124
0
Seed 125
0
Seed 126
0
Seed 127
1
Seed 128
0
Seed 129
0
Seed 130
0
Seed 131
0
Seed 132
1
Seed 133
0
Seed 134
0
Seed 135
0
Seed 136
0
Seed 137
1
Seed 138
1
Seed 139
0
Seed 140
0
Seed 141
0
Seed 142
0
Seed 143
1
Seed 144
0
Seed 145
0
Seed 146
1
Seed 147
1
Seed 148
0
Seed 149
0
Seed 150
0
Seed 151
0
Seed 152
0
Seed 153
0
Seed 154
1
Seed 155
0
Seed 156
0
Seed 157
0
Seed 158
1
Seed 159
0
Seed 160
0
Seed 161
1
Seed 162
0
Seed 163
0
Seed 164
0
Seed 165
0
Seed 166
0
Seed 167
0
Seed 168
0
Seed 169
0
Seed 170
1
Seed 171
0
Seed 172
1
Seed 173
0
Seed 174
0
Seed 175
0
Seed 176
0
Seed 177
0
Seed 178
1
Seed 179
1
Seed 180
0
Seed 181
0
Seed 182
0
Seed 183
0
Seed 184
0
Seed 185
1
Seed 186
0
Seed 187
0
Seed 188
0
Seed 189
0
Seed 190
0
Seed 191
0
Seed 192
0
Seed 193
0
Seed 194
0
Seed 195
0
Seed 196
0
Seed 197
0
Seed 198
0
Seed 199
0
Seed 200
1
Seed 201
0
Seed 202
0
Seed 203
0
Seed 204
0
Seed 205
0
Seed 206
0
Seed 207
0
Seed 208
0
Seed 209
0
Seed 210
0
Seed 211
0
Seed 212
0
Seed 213
1
Seed 214
0
Seed 215
0
Seed 216
0
Seed 217
0
Seed 218
1
Seed 219
0
Seed 220
0
Seed 221
0
Seed 222
0
Seed 223
0
Seed 224
1
Seed 225
1
Seed 226
0
Seed 227
0
Seed 228
0
Seed 229
1
Seed 230
0
Seed 231
1
Seed 232
1
Seed 233
0
Seed 234
0
Seed 235
0
Seed 236
0
Seed 237
0
Seed 238
0
Seed 239
1
Seed 240
0
Seed 241
0
Seed 242
0
Seed 243
0
Seed 244
1
Seed 245
0
Seed 246
0
Seed 247
0
Seed 248
0
Seed 249
0
Seed 250
0
Seed 251
0
Seed 252
0
Seed 253
0
Seed 254
0
Seed 255
0
Seed 256
0
Seed 257
1
Seed 258
1
Seed 259
1
Seed 260
0
Seed 261
0
Seed 262
0
Seed 263
0
Seed 264
0
Seed 265
1
Seed 266
0
Seed 267
0
Seed 268
0
Seed 269
0
Seed 270
0
Seed 271
0
Seed 272
0
Seed 273
0
Seed 274
0
Seed 275
0
Seed 276
0
Seed 277
1
Seed 278
0
Seed 279
0
Seed 280
1
Seed 281
0
Seed 282
1
Seed 283
0
Seed 284
1
Seed 285
0
Seed 286
0
Seed 287
0
Seed 288
1
Seed 289
0
Seed 290
0
Seed 291
0
Seed 292
0
Seed 293
0
Seed 294
0
Seed 295
0
Seed 296
1
Seed 297
0
Seed 298
0
Seed 299
0
Seed 300
0
Seed 301
0
Seed 302
0
Seed 303
0
Seed 304
1
Seed 305
0
Seed 306
0
Seed 307
0
Seed 308
1
Seed 309
0
Seed 310
0
Seed 311
0
Seed 312
0
Seed 313
0
Seed 314
1
Seed 315
0
Seed 316
1
Seed 317
0
Seed 318
0
Seed 319
1
Seed 320
0
Seed 321
0
Seed 322
1
Seed 323
1
Seed 324
0
Seed 325
0
Seed 326
0
Seed 327
1
Seed 328
0
Seed 329
0
Seed 330
1
Seed 331
0
Seed 332
0
Seed 333
0
Seed 334
0
Seed 335
0
Seed 336
0
Seed 337
0
Seed 338
1
Seed 339
1
Seed 340
0
Seed 341
0
Seed 342
0
Seed 343
0
Seed 344
1
Seed 345
0
Seed 346
1
Seed 347
0
Seed 348
0
Seed 349
0
Seed 350
0
Seed 351
0
Seed 352
1
Seed 353
0
Seed 354
1
Seed 355
0
Seed 356
1
Seed 357
0
Seed 358
1
Seed 359
1
Seed 360
0
Seed 361
0
Seed 362
0
Seed 363
1
Seed 364
0
Seed 365
1
Seed 366
0
Seed 367
1
Seed 368
0
Seed 369
0
Seed 370
0
Seed 371
0
Seed 372
0
Seed 373
0
Seed 374
1
Seed 375
0
Seed 376
1
Seed 377
0
Seed 378
0
Seed 379
0
Seed 380
0
Seed 381
0
Seed 382
0
Seed 383
0
Seed 384
0
Seed 385
1
Seed 386
0
Seed 387
1
Seed 388
0
Seed 389
0
Seed 390
0
Seed 391
0
Seed 392
1
Seed 393
0
Seed 394
0
Seed 395
0
Seed 396
0
Seed 397
0
Seed 398
0
Seed 399
0
Seed 400
0
Seed 401
0
Seed 402
0
Seed 403
0
Seed 404
1
Seed 405
0
Seed 406
0
Seed 407
1
Seed 408
0
Seed 409
0
Seed 410
0
Seed 411
0
Seed 412
1
Seed 413
1
Seed 414
0
Seed 415
0
Seed 416
0
Seed 417
0
Seed 418
0
Seed 419
1
Seed 420
0
Seed 421
1
Seed 422
0
Seed 423
0
Seed 424
0
Seed 425
0
Seed 426
0
Seed 427
0
Seed 428
0
Seed 429
0
Seed 430
0
Seed 431
0
Seed 432
0
Seed 433
0
Seed 434
0
Seed 435
0
Seed 436
0
Seed 437
0
Seed 438
0
Seed 439
0
Seed 440
0
Seed 441
1
Seed 442
0
Seed 443
0
Seed 444
0
Seed 445
0
Seed 446
0
Seed 447
0
Seed 448
0
Seed 449
0
Seed 450
0
Seed 451
0
Seed 452
0
Seed 453
0
Seed 454
0
Seed 455
1
Seed 456
1
Seed 457
0
Seed 458
0
Seed 459
0
Seed 460
0
Seed 461
0
Seed 462
0
Seed 463
0
Seed 464
0
Seed 465
1
Seed 466
1
Seed 467
1
Seed 468
0
Seed 469
0
Seed 470
0
Seed 471
0
Seed 472
1
Seed 473
0
Seed 474
0
Seed 475
0
Seed 476
0
Seed 477
0
Seed 478
0
Seed 479
0
Seed 480
0
Seed 481
0
Seed 482
0
Seed 483
0
Seed 484
1
Seed 485
1
Seed 486
0
Seed 487
0
Seed 488
0
Seed 489
0
Seed 490
0
Seed 491
0
Seed 492
1
Seed 493
0
Seed 494
0
Seed 495
1
Seed 496
0
Seed 497
0
Seed 498
1
Seed 499
1
Seed 500
0
Seed 501
0
Seed 502
0
Seed 503
1
Seed 504
0
Seed 505
0
Seed 506
0
Seed 507
0
Seed 508
0
Seed 509
1
Seed 510
0
Seed 511
0
Seed 512
1
Seed 513
0
Seed 514
0
Seed 515
0
Seed 516
0
Seed 517
1
Seed 518
0
Seed 519
0
Seed 520
0
Seed 521
0
Seed 522
0
Seed 523
0
Seed 524
1
Seed 525
1
Seed 526
1
Seed 527
0
Seed 528
1
Seed 529
0
Seed 530
0
Seed 531
0
Seed 532
0
Seed 533
0
Seed 534
0
Seed 535
1
Seed 536
0
Seed 537
0
Seed 538
0
Seed 539
1
Seed 540
0
Seed 541
0
Seed 542
0
Seed 543
0
Seed 544
0
Seed 545
0
Seed 546
0
Seed 547
0
Seed 548
1
Seed 549
0
Seed 550
0
Seed 551
0
Seed 552
0
Seed 553
0
Seed 554
0
Seed 555
0
Seed 556
1
Seed 557
0
Seed 558
0
Seed 559
0
Seed 560
1
Seed 561
0
Seed 562
0
Seed 563
0
Seed 564
1
Seed 565
0
Seed 566
0
Seed 567
0
Seed 568
0
Seed 569
0
Seed 570
1
Seed 571
0
Seed 572
0
Seed 573
1
Seed 574
0
Seed 575
0
Seed 576
0
Seed 577
0
Seed 578
0
Seed 579
1
Seed 580
0
Seed 581
0
Seed 582
0
Seed 583
0
Seed 584
1
Seed 585
0
Seed 586
1
Seed 587
1
Seed 588
0
Seed 589
0
Seed 590
0
Seed 591
0
Seed 592
1
Seed 593
0
Seed 594
1
Seed 595
0
Seed 596
1
Seed 597
1
Seed 598
0
Seed 599
0
Seed 600
0
Seed 601
0
Seed 602
1
Seed 603
0
Seed 604
1
Seed 605
1
Seed 606
0
Seed 607
0
Seed 608
0
Seed 609
0
Seed 610
0
Seed 611
0
Seed 612
1
Seed 613
1
Seed 614
0
Seed 615
0
Seed 616
0
Seed 617
0
Seed 618
0
Seed 619
0
Seed 620
0
Seed 621
0
Seed 622
0
Seed 623
0
Seed 624
1
Seed 625
0
Seed 626
0
Seed 627
0
Seed 628
0
Seed 629
0
Seed 630
1
Seed 631
0
Seed 632
0
Seed 633
0
Seed 634
1
Seed 635
0
Seed 636
1
Seed 637
1
Seed 638
0
Seed 639
0
Seed 640
0
Seed 641
1
Seed 642
1
Seed 643
0
Seed 644
0
Seed 645
0
Seed 646
0
Seed 647
0
Seed 648
0
Seed 649
0
Seed 650
0
Seed 651
1
Seed 652
0
Seed 653
0
Seed 654
1
Seed 655
0
Seed 656
0
Seed 657
0
Seed 658
0
Seed 659
0
Seed 660
0
Seed 661
1
Seed 662
0
Seed 663
1
Seed 664
0
Seed 665
0
Seed 666
0
Seed 667
0
Seed 668
1
Seed 669
0
Seed 670
0
Seed 671
0
Seed 672
0
Seed 673
0
Seed 674
0
Seed 675
0
Seed 676
1
Seed 677
0
Seed 678
1
Seed 679
0
Seed 680
0
Seed 681
0
Seed 682
0
Seed 683
0
Seed 684
0
Seed 685
0
Seed 686
0
Seed 687
1
Seed 688
0
Seed 689
1
Seed 690
0
Seed 691
1
Seed 692
0
Seed 693
0
Seed 694
0
Seed 695
0
Seed 696
1
Seed 697
0
Seed 698
0
Seed 699
0
Seed 700
1
Seed 701
0
Seed 702
1
Seed 703
0
Seed 704
0
Seed 705
0
Seed 706
0
Seed 707
0
Seed 708
1
Seed 709
0
Seed 710
0
Seed 711
0
Seed 712
0
Seed 713
0
Seed 714
0
Seed 715
0
Seed 716
1
Seed 717
0
Seed 718
0
Seed 719
1
Seed 720
0
Seed 721
0
Seed 722
1
Seed 723
0
Seed 724
0
Seed 725
0
Seed 726
0
Seed 727
0
Seed 728
1
Seed 729
0
Seed 730
1
Seed 731
0
Seed 732
1
Seed 733
0
Seed 734
0
Seed 735
0
Seed 736
0
Seed 737
0
Seed 738
0
Seed 739
0
Seed 740
0
Seed 741
0
Seed 742
0
Seed 743
0
Seed 744
0
Seed 745
0
Seed 746
0
Seed 747
1
Seed 748
1
Seed 749
0
Seed 750
1
Seed 751
0
Seed 752
0
Seed 753
0
Seed 754
0
Seed 755
1
Seed 756
0
Seed 757
0
Seed 758
0
Seed 759
0
Seed 760
0
Seed 761
0
Seed 762
0
Seed 763
0
Seed 764
0
Seed 765
1
Seed 766
0
Seed 767
0
Seed 768
0
Seed 769
0
Seed 770
1
Seed 771
1
Seed 772
1
Seed 773
0
Seed 774
0
Seed 775
0
Seed 776
0
Seed 777
0
Seed 778
0
Seed 779
0
Seed 780
0
Seed 781
0
Seed 782
0
Seed 783
0
Seed 784
1
Seed 785
0
Seed 786
0
Seed 787
0
Seed 788
0
Seed 789
0
Seed 790
0
Seed 791
0
Seed 792
0
Seed 793
0
Seed 794
0
Seed 795
0
Seed 796
0
Seed 797
1
Seed 798
0
Seed 799
1
Seed 800
0
Seed 801
1
Seed 802
1
Seed 803
1
Seed 804
0
Seed 805
1
Seed 806
0
Seed 807
0
Seed 808
1
Seed 809
1
Seed 810
1
Seed 811
0
Seed 812
1
Seed 813
0
Seed 814
1
Seed 815
0
Seed 816
0
Seed 817
0
Seed 818
0
Seed 819
0
Seed 820
0
Seed 821
0
Seed 822
0
Seed 823
0
Seed 824
0
Seed 825
0
Seed 826
0
Seed 827
0
Seed 828
0
Seed 829
0
Seed 830
0
Seed 831
0
Seed 832
0
Seed 833
0
Seed 834
1
Seed 835
1
Seed 836
0
Seed 837
0
Seed 838
0
Seed 839
1
Seed 840
1
Seed 841
0
Seed 842
0
Seed 843
0
Seed 844
0
Seed 845
0
Seed 846
1
Seed 847
0
Seed 848
0
Seed 849
0
Seed 850
0
Seed 851
1
Seed 852
1
Seed 853
0
Seed 854
0
Seed 855
1
Seed 856
0
Seed 857
0
Seed 858
0
Seed 859
0
Seed 860
1
Seed 861
0
Seed 862
0
Seed 863
0
Seed 864
1
Seed 865
0
Seed 866
1
Seed 867
0
Seed 868
0
Seed 869
0
Seed 870
1
Seed 871
0
Seed 872
0
Seed 873
0
Seed 874
0
Seed 875
0
Seed 876
0
Seed 877
0
Seed 878
0
Seed 879
1
Seed 880
0
Seed 881
0
Seed 882
0
Seed 883
0
Seed 884
1
Seed 885
0
Seed 886
0
Seed 887
0
Seed 888
1
Seed 889
0
Seed 890
1
Seed 891
0
Seed 892
0
Seed 893
0
Seed 894
0
Seed 895
1
Seed 896
0
Seed 897
1
Seed 898
1
Seed 899
0
Seed 900
0
Seed 901
0
Seed 902
0
Seed 903
0
Seed 904
0
Seed 905
0
Seed 906
0
Seed 907
0
Seed 908
1
Seed 909
0
Seed 910
0
Seed 911
0
Seed 912
0
Seed 913
0
Seed 914
0
Seed 915
0
Seed 916
0
Seed 917
0
Seed 918
0
Seed 919
0
Seed 920
0
Seed 921
0
Seed 922
0
Seed 923
1
Seed 924
0
Seed 925
0
Seed 926
0
Seed 927
0
Seed 928
1
Seed 929
0
Seed 930
0
Seed 931
0
Seed 932
0
Seed 933
0
Seed 934
0
Seed 935
0
Seed 936
1
Seed 937
1
Seed 938
0
Seed 939
1
Seed 940
1
Seed 941
0
Seed 942
1
Seed 943
0
Seed 944
0
Seed 945
0
Seed 946
0
Seed 947
0
Seed 948
0
Seed 949
0
Seed 950
1
Seed 951
0
Seed 952
0
Seed 953
0
Seed 954
0
Seed 955
0
Seed 956
1
Seed 957
1
Seed 958
1
Seed 959
1
Seed 960
0
Seed 961
0
Seed 962
0
Seed 963
0
Seed 964
1
Seed 965
0
Seed 966
0
Seed 967
1
Seed 968
0
Seed 969
1
Seed 970
0
Seed 971
0
Seed 972
0
Seed 973
0
Seed 974
0
Seed 975
0
Seed 976
0
Seed 977
0
Seed 978
0
Seed 979
1
Seed 980
0
Seed 981
0
Seed 982
0
Seed 983
0
Seed 984
0
Seed 985
1
Seed 986
1
Seed 987
0
Seed 988
0
Seed 989
1
Seed 990
0
Seed 991
0
Seed 992
0
Seed 993
1
Seed 994
0
Seed 995
1
Seed 996
0
Seed 997
1
Seed 998
1
Seed 999
1
Seed 1000
0
